  Ejercicio2.cpp
C:\Mavi\Unidad4-Ej2\Ejercicio2.cpp(35,77): warning C4244: 'argumento': conversión de 'int' a 'T'; posible pérdida de datos
C:\Mavi\Unidad4-Ej2\Ejercicio2.cpp(35,77): warning C4244:         with
C:\Mavi\Unidad4-Ej2\Ejercicio2.cpp(35,77): warning C4244:         [
C:\Mavi\Unidad4-Ej2\Ejercicio2.cpp(35,77): warning C4244:             T=float
C:\Mavi\Unidad4-Ej2\Ejercicio2.cpp(35,77): warning C4244:         ]
C:\Mavi\Unidad4-Ej2\Ejercicio2.cpp(35,56): warning C4244: 'argumento': conversión de 'int' a 'T'; posible pérdida de datos
C:\Mavi\Unidad4-Ej2\Ejercicio2.cpp(35,56): warning C4244:         with
C:\Mavi\Unidad4-Ej2\Ejercicio2.cpp(35,56): warning C4244:         [
C:\Mavi\Unidad4-Ej2\Ejercicio2.cpp(35,56): warning C4244:             T=float
C:\Mavi\Unidad4-Ej2\Ejercicio2.cpp(35,56): warning C4244:         ]
C:\Mavi\Unidad4-Ej2\Ejercicio2.cpp(53,102): warning C4244: 'argumento': conversión de 'T' a 'T'; posible pérdida de datos
C:\Mavi\Unidad4-Ej2\Ejercicio2.cpp(53,102): warning C4244:         with
C:\Mavi\Unidad4-Ej2\Ejercicio2.cpp(53,102): warning C4244:         [
C:\Mavi\Unidad4-Ej2\Ejercicio2.cpp(53,102): warning C4244:             T=int
C:\Mavi\Unidad4-Ej2\Ejercicio2.cpp(53,102): warning C4244:         ]
C:\Mavi\Unidad4-Ej2\Ejercicio2.cpp(53,102): warning C4244:         and
C:\Mavi\Unidad4-Ej2\Ejercicio2.cpp(53,102): warning C4244:         [
C:\Mavi\Unidad4-Ej2\Ejercicio2.cpp(53,102): warning C4244:             T=float
C:\Mavi\Unidad4-Ej2\Ejercicio2.cpp(53,102): warning C4244:         ]
C:\Mavi\Unidad4-Ej2\Ejercicio2.cpp(53,68): warning C4244: 'argumento': conversión de 'T' a 'T'; posible pérdida de datos
C:\Mavi\Unidad4-Ej2\Ejercicio2.cpp(53,68): warning C4244:         with
C:\Mavi\Unidad4-Ej2\Ejercicio2.cpp(53,68): warning C4244:         [
C:\Mavi\Unidad4-Ej2\Ejercicio2.cpp(53,68): warning C4244:             T=int
C:\Mavi\Unidad4-Ej2\Ejercicio2.cpp(53,68): warning C4244:         ]
C:\Mavi\Unidad4-Ej2\Ejercicio2.cpp(53,68): warning C4244:         and
C:\Mavi\Unidad4-Ej2\Ejercicio2.cpp(53,68): warning C4244:         [
C:\Mavi\Unidad4-Ej2\Ejercicio2.cpp(53,68): warning C4244:             T=float
C:\Mavi\Unidad4-Ej2\Ejercicio2.cpp(53,68): warning C4244:         ]
  Unidad4-Ej2.vcxproj -> C:\Mavi\Unidad4-Ej2\x64\Debug\Unidad4-Ej2.exe
